This is pdfTeX, Version 3.14159265-2.6-1.40.18 (TeX Live 2017/Debian) (preloaded format=pdflatex 2019.9.17)  2 NOV 2019 00:47
entering extended mode
 restricted \write18 enabled.
 %&-line parsing enabled.
**"EV_3_1_Analisis de elementos finitos al robot.tex"
(./EV_3_1_Analisis de elementos finitos al robot.tex
LaTeX2e <2017-04-15>
Babel <3.18> and hyphenation patterns for 84 language(s) loaded.
(/usr/share/texlive/texmf-dist/tex/latex/base/report.cls
Document Class: report 2014/09/29 v1.4h Standard LaTeX document class
(/usr/share/texlive/texmf-dist/tex/latex/base/size12.clo
File: size12.clo 2014/09/29 v1.4h Standard LaTeX file (size option)
)
\c@part=\count79
\c@chapter=\count80
\c@section=\count81
\c@subsection=\count82
\c@subsubsection=\count83
\c@paragraph=\count84
\c@subparagraph=\count85
\c@figure=\count86
\c@table=\count87
\abovecaptionskip=\skip41
\belowcaptionskip=\skip42
\bibindent=\dimen102
)
(/usr/share/texlive/texmf-dist/tex/latex/amsmath/amsmath.sty
Package: amsmath 2017/09/02 v2.17a AMS math features
\@mathmargin=\skip43

For additional information on amsmath, use the `?' option.
(/usr/share/texlive/texmf-dist/tex/latex/amsmath/amstext.sty
Package: amstext 2000/06/29 v2.01 AMS text

(/usr/share/texlive/texmf-dist/tex/latex/amsmath/amsgen.sty
File: amsgen.sty 1999/11/30 v2.0 generic functions
\@emptytoks=\toks14
\ex@=\dimen103
))
(/usr/share/texlive/texmf-dist/tex/latex/amsmath/amsbsy.sty
Package: amsbsy 1999/11/29 v1.2d Bold Symbols
\pmbraise@=\dimen104
)
(/usr/share/texlive/texmf-dist/tex/latex/amsmath/amsopn.sty
Package: amsopn 2016/03/08 v2.02 operator names
)
\inf@bad=\count88
LaTeX Info: Redefining \frac on input line 213.
\uproot@=\count89
\leftroot@=\count90
LaTeX Info: Redefining \overline on input line 375.
\classnum@=\count91
\DOTSCASE@=\count92
LaTeX Info: Redefining \ldots on input line 472.
LaTeX Info: Redefining \dots on input line 475.
LaTeX Info: Redefining \cdots on input line 596.
\Mathstrutbox@=\box26
\strutbox@=\box27
\big@size=\dimen105
LaTeX Font Info:    Redeclaring font encoding OML on input line 712.
LaTeX Font Info:    Redeclaring font encoding OMS on input line 713.
\macc@depth=\count93
\c@MaxMatrixCols=\count94
\dotsspace@=\muskip10
\c@parentequation=\count95
\dspbrk@lvl=\count96
\tag@help=\toks15
\row@=\count97
\column@=\count98
\maxfields@=\count99
\andhelp@=\toks16
\eqnshift@=\dimen106
\alignsep@=\dimen107
\tagshift@=\dimen108
\tagwidth@=\dimen109
\totwidth@=\dimen110
\lineht@=\dimen111
\@envbody=\toks17
\multlinegap=\skip44
\multlinetaggap=\skip45
\mathdisplay@stack=\toks18
LaTeX Info: Redefining \[ on input line 2817.
LaTeX Info: Redefining \] on input line 2818.
)
(/usr/share/texlive/texmf-dist/tex/latex/amsfonts/amssymb.sty
Package: amssymb 2013/01/14 v3.01 AMS font symbols

(/usr/share/texlive/texmf-dist/tex/latex/amsfonts/amsfonts.sty
Package: amsfonts 2013/01/14 v3.01 Basic AMSFonts support
\symAMSa=\mathgroup4
\symAMSb=\mathgroup5
LaTeX Font Info:    Overwriting math alphabet `\mathfrak' in version `bold'
(Font)                  U/euf/m/n --> U/euf/b/n on input line 106.
))
(/usr/share/texlive/texmf-dist/tex/latex/graphics/graphicx.sty
Package: graphicx 2017/06/01 v1.1a Enhanced LaTeX Graphics (DPC,SPQR)

(/usr/share/texlive/texmf-dist/tex/latex/graphics/keyval.sty
Package: keyval 2014/10/28 v1.15 key=value parser (DPC)
\KV@toks@=\toks19
)
(/usr/share/texlive/texmf-dist/tex/latex/graphics/graphics.sty
Package: graphics 2017/06/25 v1.2c Standard LaTeX Graphics (DPC,SPQR)

(/usr/share/texlive/texmf-dist/tex/latex/graphics/trig.sty
Package: trig 2016/01/03 v1.10 sin cos tan (DPC)
)
(/usr/share/texlive/texmf-dist/tex/latex/graphics-cfg/graphics.cfg
File: graphics.cfg 2016/06/04 v1.11 sample graphics configuration
)
Package graphics Info: Driver file: pdftex.def on input line 99.

(/usr/share/texlive/texmf-dist/tex/latex/graphics-def/pdftex.def
File: pdftex.def 2018/01/08 v1.0l Graphics/color driver for pdftex
))
\Gin@req@height=\dimen112
\Gin@req@width=\dimen113
)

LaTeX Warning: Unused global option(s):
    [letter,spanish].

(./EV_3_1_Analisis de elementos finitos al robot.aux)
\openout1 = `"EV_3_1_Analisis de elementos finitos al robot.aux"'.

LaTeX Font Info:    Checking defaults for OML/cmm/m/it on input line 15.
LaTeX Font Info:    ... okay on input line 15.
LaTeX Font Info:    Checking defaults for T1/cmr/m/n on input line 15.
LaTeX Font Info:    ... okay on input line 15.
LaTeX Font Info:    Checking defaults for OT1/cmr/m/n on input line 15.
LaTeX Font Info:    ... okay on input line 15.
LaTeX Font Info:    Checking defaults for OMS/cmsy/m/n on input line 15.
LaTeX Font Info:    ... okay on input line 15.
LaTeX Font Info:    Checking defaults for OMX/cmex/m/n on input line 15.
LaTeX Font Info:    ... okay on input line 15.
LaTeX Font Info:    Checking defaults for U/cmr/m/n on input line 15.
LaTeX Font Info:    ... okay on input line 15.

(/usr/share/texlive/texmf-dist/tex/context/base/mkii/supp-pdf.mkii
[Loading MPS to PDF converter (version 2006.09.02).]
\scratchcounter=\count100
\scratchdimen=\dimen114
\scratchbox=\box28
\nofMPsegments=\count101
\nofMParguments=\count102
\everyMPshowfont=\toks20
\MPscratchCnt=\count103
\MPscratchDim=\dimen115
\MPnumerator=\count104
\makeMPintoPDFobject=\count105
\everyMPtoPDFconversion=\toks21
) (/usr/share/texlive/texmf-dist/tex/latex/oberdiek/epstopdf-base.sty
Package: epstopdf-base 2016/05/15 v2.6 Base part for package epstopdf

(/usr/share/texlive/texmf-dist/tex/generic/oberdiek/infwarerr.sty
Package: infwarerr 2016/05/16 v1.4 Providing info/warning/error messages (HO)
)
(/usr/share/texlive/texmf-dist/tex/latex/oberdiek/grfext.sty
Package: grfext 2016/05/16 v1.2 Manage graphics extensions (HO)

(/usr/share/texlive/texmf-dist/tex/generic/oberdiek/kvdefinekeys.sty
Package: kvdefinekeys 2016/05/16 v1.4 Define keys (HO)

(/usr/share/texlive/texmf-dist/tex/generic/oberdiek/ltxcmds.sty
Package: ltxcmds 2016/05/16 v1.23 LaTeX kernel commands for general use (HO)
)))
(/usr/share/texlive/texmf-dist/tex/latex/oberdiek/kvoptions.sty
Package: kvoptions 2016/05/16 v3.12 Key value format for package options (HO)

(/usr/share/texlive/texmf-dist/tex/generic/oberdiek/kvsetkeys.sty
Package: kvsetkeys 2016/05/16 v1.17 Key value parser (HO)

(/usr/share/texlive/texmf-dist/tex/generic/oberdiek/etexcmds.sty
Package: etexcmds 2016/05/16 v1.6 Avoid name clashes with e-TeX commands (HO)

(/usr/share/texlive/texmf-dist/tex/generic/oberdiek/ifluatex.sty
Package: ifluatex 2016/05/16 v1.4 Provides the ifluatex switch (HO)
Package ifluatex Info: LuaTeX not detected.
)
Package etexcmds Info: Could not find \expanded.
(etexcmds)             That can mean that you are not using pdfTeX 1.50 or
(etexcmds)             that some package has redefined \expanded.
(etexcmds)             In the latter case, load this package earlier.
)))
(/usr/share/texlive/texmf-dist/tex/generic/oberdiek/pdftexcmds.sty
Package: pdftexcmds 2018/01/21 v0.26 Utility functions of pdfTeX for LuaTeX (HO
)

(/usr/share/texlive/texmf-dist/tex/generic/oberdiek/ifpdf.sty
Package: ifpdf 2017/03/15 v3.2 Provides the ifpdf switch
)
Package pdftexcmds Info: LuaTeX not detected.
Package pdftexcmds Info: \pdf@primitive is available.
Package pdftexcmds Info: \pdf@ifprimitive is available.
Package pdftexcmds Info: \pdfdraftmode found.
)
Package epstopdf-base Info: Redefining graphics rule for `.eps' on input line 4
38.
Package grfext Info: Graphics extension search list:
(grfext)             [.pdf,.png,.jpg,.mps,.jpeg,.jbig2,.jb2,.PDF,.PNG,.JPG,.JPE
G,.JBIG2,.JB2,.eps]
(grfext)             \AppendGraphicsExtensions on input line 456.

(/usr/share/texlive/texmf-dist/tex/latex/latexconfig/epstopdf-sys.cfg
File: epstopdf-sys.cfg 2010/07/13 v1.3 Configuration of (r)epstopdf for TeX Liv
e
))
LaTeX Font Info:    Try loading font information for U+msa on input line 17.

(/usr/share/texlive/texmf-dist/tex/latex/amsfonts/umsa.fd
File: umsa.fd 2013/01/14 v3.01 AMS symbols A
)
LaTeX Font Info:    Try loading font information for U+msb on input line 17.

(/usr/share/texlive/texmf-dist/tex/latex/amsfonts/umsb.fd
File: umsb.fd 2013/01/14 v3.01 AMS symbols B
)
Missing character: There is no Ã in font cmr12!
Missing character: There is no ± in font cmr12!
 [1

{/var/lib/texmf/fonts/map/pdftex/updmap/pdftex.map}]
Missing character: There is no Ã in font cmr12!
Missing character: There is no ¡ in font cmr12!
Missing character: There is no Ã in font cmr12!
Missing character: There is no ¡ in font cmr12!
Missing character: There is no Ã in font cmr12!
Missing character: There is no © in font cmr12!
Missing character: There is no Ã in font cmr12!
Missing character: There is no º in font cmr12!
Missing character: There is no Ã in font cmr12!
Missing character: There is no ± in font cmr12!
Missing character: There is no Ã in font cmr12!
Missing character: There is no ¡ in font cmr12!

Underfull \hbox (badness 10000) in paragraph at lines 39--42

 []

[1]
Underfull \hbox (badness 10000) in paragraph at lines 43--44

 []


Underfull \hbox (badness 10000) in paragraph at lines 45--46

 []


Underfull \hbox (badness 10000) in paragraph at lines 47--48

 []


Underfull \hbox (badness 10000) in paragraph at lines 49--50

 []


Underfull \hbox (badness 10000) in paragraph at lines 51--52

 []


Underfull \hbox (badness 10000) in paragraph at lines 53--54

 []


Underfull \hbox (badness 10000) in paragraph at lines 59--60

 []


Underfull \hbox (badness 10000) in paragraph at lines 61--62

 []


Underfull \hbox (badness 10000) in paragraph at lines 63--64

 []


Underfull \hbox (badness 10000) in paragraph at lines 65--66

 []


Underfull \hbox (badness 10000) in paragraph at lines 67--68

 []


Underfull \hbox (badness 10000) in paragraph at lines 69--70

 []

</home/sarha13/Escritorio/DISMEDIC.png, id=12, 513.92pt x 513.92pt>
File: /home/sarha13/Escritorio/DISMEDIC.png Graphic file (type png)
<use /home/sarha13/Escritorio/DISMEDIC.png>
Package pdftex.def Info: /home/sarha13/Escritorio/DISMEDIC.png  used on input l
ine 73.
(pdftex.def)             Requested size: 227.62204pt x 227.62328pt.

Underfull \hbox (badness 10000) in paragraph at lines 78--79

 []

[2]
Underfull \hbox (badness 10000) in paragraph at lines 80--81

 []


Underfull \hbox (badness 10000) in paragraph at lines 82--83

 []


Underfull \hbox (badness 10000) in paragraph at lines 84--85

 []

[3 </home/sarha13/Escritorio/DISMEDIC.png>]
</home/sarha13/Escritorio/Figura_1.jpeg, id=21, 705.63625pt x 613.29124pt>
File: /home/sarha13/Escritorio/Figura_1.jpeg Graphic file (type jpg)
<use /home/sarha13/Escritorio/Figura_1.jpeg>
Package pdftex.def Info: /home/sarha13/Escritorio/Figura_1.jpeg  used on input 
line 99.
(pdftex.def)             Requested size: 227.62204pt x 197.82935pt.
 [4 </home/sarha13/Escritorio/Figura_1.jpeg>]
</home/sarha13/Escritorio/figura_2.jpeg, id=25, 329.23pt x 91.34125pt>
File: /home/sarha13/Escritorio/figura_2.jpeg Graphic file (type jpg)
<use /home/sarha13/Escritorio/figura_2.jpeg>
Package pdftex.def Info: /home/sarha13/Escritorio/figura_2.jpeg  used on input 
line 108.
(pdftex.def)             Requested size: 256.0748pt x 71.04657pt.

Underfull \hbox (badness 10000) in paragraph at lines 113--115

 []


Underfull \hbox (badness 10000) in paragraph at lines 113--115

 []

</home/sarha13/Escritorio/figura_3.jpeg, id=26, 338.26375pt x 91.34125pt>
File: /home/sarha13/Escritorio/figura_3.jpeg Graphic file (type jpg)
<use /home/sarha13/Escritorio/figura_3.jpeg>
Package pdftex.def Info: /home/sarha13/Escritorio/figura_3.jpeg  used on input 
line 121.
(pdftex.def)             Requested size: 227.62204pt x 61.46591pt.
[5 </home/sarha13/Escritorio/figura_2.jpeg> </home/sarha13/Escritorio/figura_3.
jpeg>]
</home/sarha13/Escritorio/figura_4.jpeg, id=30, 653.44125pt x 202.7575pt>
File: /home/sarha13/Escritorio/figura_4.jpeg Graphic file (type jpg)
<use /home/sarha13/Escritorio/figura_4.jpeg>
Package pdftex.def Info: /home/sarha13/Escritorio/figura_4.jpeg  used on input 
line 135.
(pdftex.def)             Requested size: 256.0748pt x 79.45564pt.
Missing character: There is no Ã in font cmr12!
Missing character: There is no © in font cmr12!

Underfull \hbox (badness 10000) in paragraph at lines 140--144

 []

</home/sarha13/Escritorio/figura_5.jpeg, id=31, 550.055pt x 256.96pt>
File: /home/sarha13/Escritorio/figura_5.jpeg Graphic file (type jpg)
<use /home/sarha13/Escritorio/figura_5.jpeg>
Package pdftex.def Info: /home/sarha13/Escritorio/figura_5.jpeg  used on input 
line 148.
(pdftex.def)             Requested size: 227.62204pt x 106.3345pt.

Underfull \hbox (badness 10000) in paragraph at lines 145--152

 []


Underfull \hbox (badness 10000) in paragraph at lines 145--152

 []


Underfull \hbox (badness 10000) in paragraph at lines 145--152

 []


Underfull \hbox (badness 10000) in paragraph at lines 145--152

 []


Underfull \hbox (badness 10000) in paragraph at lines 145--152

 []

</home/sarha13/Escritorio/figura_6.jpeg, id=32, 377.41pt x 124.465pt>
File: /home/sarha13/Escritorio/figura_6.jpeg Graphic file (type jpg)
<use /home/sarha13/Escritorio/figura_6.jpeg>
Package pdftex.def Info: /home/sarha13/Escritorio/figura_6.jpeg  used on input 
line 157.
(pdftex.def)             Requested size: 227.62204pt x 75.067pt.
[6 </home/sarha13/Escritorio/figura_4.jpeg>]
</home/sarha13/Escritorio/figura_7.jpeg, id=37, 333.245pt x 50.1875pt>
File: /home/sarha13/Escritorio/figura_7.jpeg Graphic file (type jpg)
<use /home/sarha13/Escritorio/figura_7.jpeg>
Package pdftex.def Info: /home/sarha13/Escritorio/figura_7.jpeg  used on input 
line 166.
(pdftex.def)             Requested size: 227.62204pt x 34.28096pt.
 [7 </home/sarha13/Escritorio/figura_5.jpeg> </home/sarha13/Escritorio/figura_6
.jpeg> </home/sarha13/Escritorio/figura_7.jpeg>]
</home/sarha13/Escritorio/figura_19.png, id=41, 311.66437pt x 402.00188pt>
File: /home/sarha13/Escritorio/figura_19.png Graphic file (type png)
<use /home/sarha13/Escritorio/figura_19.png>
Package pdftex.def Info: /home/sarha13/Escritorio/figura_19.png  used on input 
line 179.
(pdftex.def)             Requested size: 284.52756pt x 367.00613pt.
</home/sarha13/Escritorio/figura_20.png, id=42, 333.49594pt x 123.46124pt>
File: /home/sarha13/Escritorio/figura_20.png Graphic file (type png)
<use /home/sarha13/Escritorio/figura_20.png>
Package pdftex.def Info: /home/sarha13/Escritorio/figura_20.png  used on input 
line 188.
(pdftex.def)             Requested size: 333.49512pt x 123.46092pt.
 [8 </home/sarha13/Escritorio/figura_19.png>]
</home/sarha13/Escritorio/figura_10.jpeg, id=46, 292.09125pt x 185.69376pt>
File: /home/sarha13/Escritorio/figura_10.jpeg Graphic file (type jpg)
<use /home/sarha13/Escritorio/figura_10.jpeg>
Package pdftex.def Info: /home/sarha13/Escritorio/figura_10.jpeg  used on input
 line 197.
(pdftex.def)             Requested size: 142.26378pt x 90.44388pt.
</home/sarha13/Escritorio/figura_11.jpeg, id=47, 434.62375pt x 206.7725pt>
File: /home/sarha13/Escritorio/figura_11.jpeg Graphic file (type jpg)
<use /home/sarha13/Escritorio/figura_11.jpeg>
Package pdftex.def Info: /home/sarha13/Escritorio/figura_11.jpeg  used on input
 line 204.
(pdftex.def)             Requested size: 142.26378pt x 67.68298pt.
</home/sarha13/Escritorio/figura_21.jpeg, id=48, 192.72pt x 190.7125pt>
File: /home/sarha13/Escritorio/figura_21.jpeg Graphic file (type jpg)
<use /home/sarha13/Escritorio/figura_21.jpeg>
Package pdftex.def Info: /home/sarha13/Escritorio/figura_21.jpeg  used on input
 line 213.
(pdftex.def)             Requested size: 170.71652pt x 168.93622pt.
 [9 </home/sarha13/Escritorio/figura_20.png> </home/sarha13/Escritorio/figura_1
0.jpeg> </home/sarha13/Escritorio/figura_11.jpeg>]
</home/sarha13/Escritorio/figura_13.jpeg, id=52, 317.185pt x 186.6975pt>
File: /home/sarha13/Escritorio/figura_13.jpeg Graphic file (type jpg)
<use /home/sarha13/Escritorio/figura_13.jpeg>
Package pdftex.def Info: /home/sarha13/Escritorio/figura_13.jpeg  used on input
 line 222.
(pdftex.def)             Requested size: 227.62204pt x 133.98338pt.

Underfull \hbox (badness 10000) in paragraph at lines 227--228

 []


Underfull \hbox (badness 10000) in paragraph at lines 227--228

 []


Underfull \hbox (badness 10000) in paragraph at lines 227--228

 []

</home/sarha13/Escritorio/figura_14.jpeg, id=53, 516.93124pt x 199.74625pt>
File: /home/sarha13/Escritorio/figura_14.jpeg Graphic file (type jpg)
<use /home/sarha13/Escritorio/figura_14.jpeg>
Package pdftex.def Info: /home/sarha13/Escritorio/figura_14.jpeg  used on input
 line 231.
(pdftex.def)             Requested size: 284.52756pt x 109.9461pt.
Missing character: There is no Ã in font cmr12!
Missing character: There is no ± in font cmr12!
[10 </home/sarha13/Escritorio/figura_21.jpeg> </home/sarha13/Escritorio/figura_
13.jpeg>]
</home/sarha13/Escritorio/figura_16.jpeg, id=57, 776.9025pt x 573.14125pt>
File: /home/sarha13/Escritorio/figura_16.jpeg Graphic file (type jpg)
<use /home/sarha13/Escritorio/figura_16.jpeg>
Package pdftex.def Info: /home/sarha13/Escritorio/figura_16.jpeg  used on input
 line 240.
(pdftex.def)             Requested size: 227.62204pt x 167.9208pt.

Underfull \hbox (badness 10000) in paragraph at lines 245--246

 []


Underfull \hbox (badness 10000) in paragraph at lines 245--246

 []


Underfull \hbox (badness 10000) in paragraph at lines 245--246

 []


Underfull \hbox (badness 10000) in paragraph at lines 245--246

 []


Underfull \hbox (badness 10000) in paragraph at lines 245--246

 []

[11 </home/sarha13/Escritorio/figura_14.jpeg> </home/sarha13/Escritorio/figura_
16.jpeg>]
</home/sarha13/Escritorio/figura_17.jpeg, id=61, 771.88374pt x 578.16pt>
File: /home/sarha13/Escritorio/figura_17.jpeg Graphic file (type jpg)
<use /home/sarha13/Escritorio/figura_17.jpeg>
Package pdftex.def Info: /home/sarha13/Escritorio/figura_17.jpeg  used on input
 line 249.
(pdftex.def)             Requested size: 256.0748pt x 191.8079pt.
</home/sarha13/Escritorio/figura_18.jpeg, id=62, 773.89125pt x 576.1525pt>
File: /home/sarha13/Escritorio/figura_18.jpeg Graphic file (type jpg)
<use /home/sarha13/Escritorio/figura_18.jpeg>
Package pdftex.def Info: /home/sarha13/Escritorio/figura_18.jpeg  used on input
 line 258.
(pdftex.def)             Requested size: 227.62204pt x 169.4624pt.
 [12 </home/sarha13/Escritorio/figura_17.jpeg> </home/sarha13/Escritorio/figura
_18.jpeg>]
Underfull \hbox (badness 10000) in paragraph at lines 271--273

 []


Underfull \hbox (badness 10000) in paragraph at lines 271--273

 []


Underfull \hbox (badness 10000) in paragraph at lines 271--273

 []


Underfull \hbox (badness 10000) in paragraph at lines 271--273

 []


Underfull \hbox (badness 10000) in paragraph at lines 271--273

 []


Underfull \hbox (badness 10000) in paragraph at lines 271--273

 []

File: /home/sarha13/Escritorio/Figura_1.jpeg Graphic file (type jpg)
<use /home/sarha13/Escritorio/Figura_1.jpeg>
Package pdftex.def Info: /home/sarha13/Escritorio/Figura_1.jpeg  used on input 
line 276.
(pdftex.def)             Requested size: 227.62204pt x 197.82935pt.
[13]
File: /home/sarha13/Escritorio/figura_2.jpeg Graphic file (type jpg)
<use /home/sarha13/Escritorio/figura_2.jpeg>
Package pdftex.def Info: /home/sarha13/Escritorio/figura_2.jpeg  used on input 
line 285.
(pdftex.def)             Requested size: 256.0748pt x 71.04657pt.

Underfull \hbox (badness 10000) in paragraph at lines 290--292

 []


Underfull \hbox (badness 10000) in paragraph at lines 290--292

 []

[14]
File: /home/sarha13/Escritorio/figura_3.jpeg Graphic file (type jpg)
<use /home/sarha13/Escritorio/figura_3.jpeg>
Package pdftex.def Info: /home/sarha13/Escritorio/figura_3.jpeg  used on input 
line 298.
(pdftex.def)             Requested size: 227.62204pt x 61.46591pt.
File: /home/sarha13/Escritorio/figura_4.jpeg Graphic file (type jpg)
<use /home/sarha13/Escritorio/figura_4.jpeg>
Package pdftex.def Info: /home/sarha13/Escritorio/figura_4.jpeg  used on input 
line 314.
(pdftex.def)             Requested size: 256.0748pt x 79.45564pt.
Missing character: There is no Ã in font cmr12!
Missing character: There is no © in font cmr12!

Underfull \hbox (badness 10000) in paragraph at lines 319--324

 []

[15]
File: /home/sarha13/Escritorio/figura_5.jpeg Graphic file (type jpg)
<use /home/sarha13/Escritorio/figura_5.jpeg>
Package pdftex.def Info: /home/sarha13/Escritorio/figura_5.jpeg  used on input 
line 327.
(pdftex.def)             Requested size: 227.62204pt x 106.3345pt.

Underfull \hbox (badness 10000) in paragraph at lines 332--333

 []


Underfull \hbox (badness 10000) in paragraph at lines 332--333

 []

File: /home/sarha13/Escritorio/figura_6.jpeg Graphic file (type jpg)
<use /home/sarha13/Escritorio/figura_6.jpeg>
Package pdftex.def Info: /home/sarha13/Escritorio/figura_6.jpeg  used on input 
line 336.
(pdftex.def)             Requested size: 227.62204pt x 75.067pt.
File: /home/sarha13/Escritorio/figura_7.jpeg Graphic file (type jpg)
<use /home/sarha13/Escritorio/figura_7.jpeg>
Package pdftex.def Info: /home/sarha13/Escritorio/figura_7.jpeg  used on input 
line 345.
(pdftex.def)             Requested size: 227.62204pt x 34.28096pt.
[16]
</home/sarha13/Escritorio/figura_9.jpeg, id=79, 740.7675pt x 603.25375pt>
File: /home/sarha13/Escritorio/figura_9.jpeg Graphic file (type jpg)
<use /home/sarha13/Escritorio/figura_9.jpeg>
Package pdftex.def Info: /home/sarha13/Escritorio/figura_9.jpeg  used on input 
line 356.
(pdftex.def)             Requested size: 256.0748pt x 208.53699pt.
</home/sarha13/Escritorio/figura_8.jpeg, id=80, 514.92375pt x 550.055pt>
File: /home/sarha13/Escritorio/figura_8.jpeg Graphic file (type jpg)
<use /home/sarha13/Escritorio/figura_8.jpeg>
Package pdftex.def Info: /home/sarha13/Escritorio/figura_8.jpeg  used on input 
line 365.
(pdftex.def)             Requested size: 284.52756pt x 303.94122pt.
 [17 </home/sarha13/Escritorio/figura_9.jpeg>] [18 </home/sarha13/Escritorio/fi
gura_8.jpeg>]
File: /home/sarha13/Escritorio/figura_10.jpeg Graphic file (type jpg)
<use /home/sarha13/Escritorio/figura_10.jpeg>
Package pdftex.def Info: /home/sarha13/Escritorio/figura_10.jpeg  used on input
 line 374.
(pdftex.def)             Requested size: 142.26378pt x 90.44388pt.
File: /home/sarha13/Escritorio/figura_11.jpeg Graphic file (type jpg)
<use /home/sarha13/Escritorio/figura_11.jpeg>
Package pdftex.def Info: /home/sarha13/Escritorio/figura_11.jpeg  used on input
 line 381.
(pdftex.def)             Requested size: 142.26378pt x 67.68298pt.
File: /home/sarha13/Escritorio/figura_13.jpeg Graphic file (type jpg)
<use /home/sarha13/Escritorio/figura_13.jpeg>
Package pdftex.def Info: /home/sarha13/Escritorio/figura_13.jpeg  used on input
 line 390.
(pdftex.def)             Requested size: 170.71652pt x 100.48753pt.
File: /home/sarha13/Escritorio/figura_14.jpeg Graphic file (type jpg)
<use /home/sarha13/Escritorio/figura_14.jpeg>
Package pdftex.def Info: /home/sarha13/Escritorio/figura_14.jpeg  used on input
 line 399.
(pdftex.def)             Requested size: 227.62204pt x 87.95567pt.
 [19]
</home/sarha13/Escritorio/figura_15.jpeg, id=91, 309.155pt x 261.97874pt>
File: /home/sarha13/Escritorio/figura_15.jpeg Graphic file (type jpg)
<use /home/sarha13/Escritorio/figura_15.jpeg>
Package pdftex.def Info: /home/sarha13/Escritorio/figura_15.jpeg  used on input
 line 408.
(pdftex.def)             Requested size: 170.71652pt x 144.66838pt.
Missing character: There is no Ã in font cmr12!
Missing character: There is no ± in font cmr12!

Underfull \hbox (badness 10000) in paragraph at lines 413--414

 []


Underfull \hbox (badness 10000) in paragraph at lines 413--414

 []


Underfull \hbox (badness 10000) in paragraph at lines 413--414

 []


Underfull \hbox (badness 10000) in paragraph at lines 413--414

 []


Underfull \hbox (badness 10000) in paragraph at lines 413--414

 []

File: /home/sarha13/Escritorio/figura_16.jpeg Graphic file (type jpg)
<use /home/sarha13/Escritorio/figura_16.jpeg>
Package pdftex.def Info: /home/sarha13/Escritorio/figura_16.jpeg  used on input
 line 417.
(pdftex.def)             Requested size: 227.62204pt x 167.9208pt.
[20 </home/sarha13/Escritorio/figura_15.jpeg>]
File: /home/sarha13/Escritorio/figura_17.jpeg Graphic file (type jpg)
<use /home/sarha13/Escritorio/figura_17.jpeg>
Package pdftex.def Info: /home/sarha13/Escritorio/figura_17.jpeg  used on input
 line 426.
(pdftex.def)             Requested size: 284.52756pt x 213.11304pt.
 [21]
File: /home/sarha13/Escritorio/figura_18.jpeg Graphic file (type jpg)
<use /home/sarha13/Escritorio/figura_18.jpeg>
Package pdftex.def Info: /home/sarha13/Escritorio/figura_18.jpeg  used on input
 line 435.
(pdftex.def)             Requested size: 256.0748pt x 190.64081pt.

Underfull \hbox (badness 10000) in paragraph at lines 443--444

 []


Underfull \hbox (badness 10000) in paragraph at lines 443--444

 []

[22] (./EV_3_1_Analisis de elementos finitos al robot.aux)

LaTeX Warning: Label(s) may have changed. Rerun to get cross-references right.

 ) 
Here is how much of TeX's memory you used:
 2482 strings out of 492982
 35378 string characters out of 6134896
 89071 words of memory out of 5000000
 6000 multiletter control sequences out of 15000+600000
 12403 words of font info for 48 fonts, out of 8000000 for 9000
 1141 hyphenation exceptions out of 8191
 41i,7n,26p,595b,223s stack positions out of 5000i,500n,10000p,200000b,80000s
</usr/share/texlive/texmf-dist/fonts/type1/public/amsfonts/cm/cmbx12.pfb></us
r/share/texlive/texmf-dist/fonts/type1/public/amsfonts/cm/cmmi12.pfb></usr/shar
e/texlive/texmf-dist/fonts/type1/public/amsfonts/cm/cmr12.pfb>
Output written on "EV_3_1_Analisis de elementos finitos al robot.pdf" (23 pages
, 793978 bytes).
PDF statistics:
 113 PDF objects out of 1000 (max. 8388607)
 62 compressed objects within 1 object stream
 0 named destinations out of 1000 (max. 500000)
 106 words of extra memory for PDF output out of 10000 (max. 10000000)

